<?xml version="1.0" encoding="UTF-8"?>
<!-- Generated by org.testng.reporters.JUnitReportReporter -->
<testsuite hostname="QT-INBG-LT1137" failures="0" tests="2" name="Selenium.QTAutomation.Testprog" time="0.011" errors="0" timestamp="2022-07-28T10:48:52 IST" skipped="0">
  <testcase classname="Selenium.QTAutomation.Testprog" name="add" time="0.008"/>
  <system-out/>
  <testcase classname="Selenium.QTAutomation.Testprog" name="multi" time="0.003"/>
  <system-out/>
</testsuite> <!-- Selenium.QTAutomation.Testprog -->
