<?xml version="1.0" encoding="UTF-8"?>
<!-- Generated by org.testng.reporters.JUnitReportReporter -->
<testsuite hostname="QT-INBG-LT1137" failures="0" tests="2" name="Selenium.QTAutomation.Parametarizetestng" time="0.014" errors="0" timestamp="2022-07-28T11:29:51 IST" skipped="0">
  <testcase classname="Selenium.QTAutomation.Parametarizetestng" name="multi" time="0.002"/>
  <system-out/>
  <testcase classname="Selenium.QTAutomation.Parametarizetestng" name="add" time="0.012"/>
  <system-out/>
</testsuite> <!-- Selenium.QTAutomation.Parametarizetestng -->
